\BOOKMARK [1][-]{section.1}{\376\377\137\025\212\000}{}% 1
\BOOKMARK [2][-]{subsection.1.1}{\376\377\200\314\146\157}{section.1}% 2
\BOOKMARK [2][-]{subsection.1.2}{\376\377\225\356\230\230\143\317\217\360}{section.1}% 3
\BOOKMARK [2][-]{subsection.1.3}{\376\377\215\041\163\056}{section.1}% 4
\BOOKMARK [1][-]{section.2}{\376\377\120\107\213\276}{}% 5
\BOOKMARK [2][-]{subsection.2.1}{\376\377\127\372\147\054\120\107\213\276}{section.2}% 6
\BOOKMARK [2][-]{subsection.2.2}{\376\377\213\304\117\060\143\007\150\007\133\232\116\111}{section.2}% 7
\BOOKMARK [1][-]{section.3}{\376\377\173\046\123\367\213\364\146\016}{}% 8
\BOOKMARK [1][-]{section.4}{\376\377\152\041\127\213\116\000\377\032\123\314\150\070\123\315\157\024\116\016\124\016\232\214\221\315\136\372}{}% 9
\BOOKMARK [2][-]{subsection.4.1}{\376\377\225\356\230\230\137\142\137\017}{section.4}% 10
\BOOKMARK [2][-]{subsection.4.2}{\376\377\123\314\150\070\123\315\157\024}{section.4}% 11
\BOOKMARK [2][-]{subsection.4.3}{\376\377\000A\000s\000s\000u\000m\000p\000t\000i\000o\000n\040\023\000D\000a\000t\000a\000\040\000T\000e\000n\000s\000i\000o\000n}{section.4}% 12
\BOOKMARK [2][-]{subsection.4.4}{\376\377\000M\000a\000x\000E\000n\000t\000\040\000+\000\040\226\217\147\072\156\070\215\160\121\110\232\214}{section.4}% 13
\BOOKMARK [2][-]{subsection.4.5}{\376\377\134\017\176\323}{section.4}% 14
\BOOKMARK [1][-]{section.5}{\376\377\152\041\127\213\116\214\377\032\123\315\116\213\133\236\215\133\122\066\213\304\117\060}{}% 15
\BOOKMARK [2][-]{subsection.5.1}{\376\377\213\304\117\060\143\007\150\007}{section.5}% 16
\BOOKMARK [2][-]{subsection.5.2}{\376\377\176\323\147\234}{section.5}% 17
\BOOKMARK [1][-]{section.6}{\376\377\152\041\127\213\116\011\377\032\162\171\137\201\137\122\126\340\116\016\215\133\122\066\213\276\213\241}{}% 18
\BOOKMARK [2][-]{subsection.6.1}{\376\377\162\171\137\201\137\122\126\340\377\010\000X\000G\000B\000o\000o\000s\000t\000\040\000+\000\040\000S\000H\000A\000P\377\011}{section.6}% 19
\BOOKMARK [2][-]{subsection.6.2}{\376\377\000D\000A\000W\000S\000\040\122\250\140\001\147\103\221\315\147\072\122\066}{section.6}% 20
\BOOKMARK [2][-]{subsection.6.3}{\376\377\136\025\175\057\142\130\122\115\154\277}{section.6}% 21
\BOOKMARK [1][-]{section.7}{\376\377\145\117\141\037\140\047\122\006\147\220}{}% 22
\BOOKMARK [2][-]{subsection.7.1}{\376\377\136\163\156\321\121\110\232\214}{section.7}% 23
\BOOKMARK [2][-]{subsection.7.2}{\376\377\000D\000A\000W\000S\000\040\147\103\221\315}{section.7}% 24
\BOOKMARK [2][-]{subsection.7.3}{\376\377\162\171\137\201\137\122\126\340\172\063\133\232\140\047}{section.7}% 25
\BOOKMARK [1][-]{section.8}{\376\377\152\041\127\213\213\304\117\060}{}% 26
\BOOKMARK [2][-]{subsection.8.1}{\376\377\116\000\201\364\140\047\150\300\232\214}{section.8}% 27
\BOOKMARK [2][-]{subsection.8.2}{\376\377\124\016\232\214\230\204\155\113\150\300\232\214}{section.8}% 28
\BOOKMARK [2][-]{subsection.8.3}{\376\377\213\241\173\227\145\110\163\207}{section.8}% 29
\BOOKMARK [1][-]{section.9}{\376\377\176\323\213\272}{}% 30
\BOOKMARK [2][-]{subsection.9.1}{\376\377\116\073\211\201\176\323\213\272}{section.9}% 31
\BOOKMARK [2][-]{subsection.9.2}{\376\377\136\372\213\256}{section.9}% 32
\BOOKMARK [2][-]{subsection.9.3}{\376\377\134\100\226\120\140\047}{section.9}% 33
\BOOKMARK [2][-]{subsection.9.4}{\376\377\147\052\147\145\135\345\117\134}{section.9}% 34
\BOOKMARK [1][-]{section*.22}{\376\377\123\302\200\003\145\207\163\056}{}% 35
\BOOKMARK [1][-]{section*.23}{\376\377\000A\000I\135\345\121\167\142\245\124\112}{}% 36
